<?xml version="1.0" encoding="UTF-8"?>
<testng-results skipped="0" failed="0" ignored="0" total="0" passed="0">
  <reporter-output>
  </reporter-output>
  <suite name="MockHackthon.MockHackthon.AppTest" duration-ms="12" started-at="2020-02-06T19:18:27 IST" finished-at="2020-02-06T19:18:27 IST">
    <groups>
    </groups>
    <test name="Command line test" duration-ms="12" started-at="2020-02-06T19:18:27 IST" finished-at="2020-02-06T19:18:27 IST">
    </test> <!-- Command line test -->
  </suite> <!-- MockHackthon.MockHackthon.AppTest -->
</testng-results>
